#
# A fatal error has been detected by the Java Runtime Environment:
#
#  EXCEPTION_ACCESS_VIOLATION (0xc0000005) at pc=0x000000006762633c, pid=9092, tid=0x0000000000001484
#
# JRE version: Java(TM) SE Runtime Environment (8.0_152-b16) (build 1.8.0_152-b16)
# Java VM: Java HotSpot(TM) 64-Bit Server VM (25.152-b16 mixed mode windows-amd64 compressed oops)
# Problematic frame:
# V  [jvm.dll+0xf633c]
#
# Failed to write core dump. Minidumps are not enabled by default on client versions of Windows
#
# If you would like to submit a bug report, please visit:
#   http://bugreport.java.com/bugreport/crash.jsp
#

---------------  T H R E A D  ---------------

Current thread (0x0000000054fe2800):  VMThread [stack: 0x0000000055f30000,0x0000000056030000] [id=5252]

siginfo: ExceptionCode=0xc0000005, reading address 0xffffffffffffffff

Registers:
RAX=0x0005000a00000006, RBX=0x0000000000000032, RCX=0x00000000000000f9, RDX=0x0000000000000032
RSP=0x000000005602f348, RBP=0x000000005602f450, RSI=0x00000000000000bb, RDI=0x0000000000000027
R8 =0x0000000002456660, R9 =0x0000000000000003, R10=0x0000000000000003, R11=0x000000005afeb898
R12=0x000000005602f4e0, R13=0x000000005602f4d0, R14=0x0000000000000000, R15=0x0000000000000010
RIP=0x000000006762633c, EFLAGS=0x0000000000010202

Top of Stack: (sp=0x000000005602f348)
0x000000005602f348:   0000000067704484 0005000a00000006
0x000000005602f358:   0000000000000032 00000000000000bb
0x000000005602f368:   0000000000000012 0000000000000000
0x000000005602f378:   0000000057b30cc0 000000000316dd38
0x000000005602f388:   000000000316dcb4 00009dbbfc3b4ab5
0x000000005602f398:   000000000316db90 00000000028863e0
0x000000005602f3a8:   0000000057b32690 0000000000000000
0x000000005602f3b8:   00000000675c150b 000000000316dce0
0x000000005602f3c8:   0000000000000000 0000000000000000
0x000000005602f3d8:   000000000316dce0 00009dbbfc3b4b65
0x000000005602f3e8:   00000000675c188a 00000000028863e0
0x000000005602f3f8:   00000000675c3d25 0000000057b32690
0x000000005602f408:   000000005afeae38 0000000054fe2800
0x000000005602f418:   000000005afeb770 0000000054fe2800
0x000000005602f428:   000000005afeb760 0000000000000012
0x000000005602f438:   000000005afeb770 0000000054fe2800 

Instructions: (pc=0x000000006762633c)
0x000000006762631c:   5f c3 cc cc 48 63 c2 48 8b 44 c1 50 48 89 44 24
0x000000006762632c:   08 48 8b 44 24 08 0f b6 c8 f6 d1 f6 c1 01 74 05
0x000000006762633c:   48 8b 40 10 c3 48 83 e0 fe c3 cc cc cc cc cc cc
0x000000006762634c:   cc cc cc cc 48 89 54 24 10 49 63 c0 48 8b 44 c1 


Register to memory mapping:

RAX=0x0005000a00000006 is an unknown value
RBX=0x0000000000000032 is an unknown value
RCX=0x00000000000000f9 is an unknown value
RDX=0x0000000000000032 is an unknown value
RSP=0x000000005602f348 is an unknown value
RBP=0x000000005602f450 is an unknown value
RSI=0x00000000000000bb is an unknown value
RDI=0x0000000000000027 is an unknown value
R8 =0x0000000002456660 is an unknown value
R9 =0x0000000000000003 is an unknown value
R10=0x0000000000000003 is an unknown value
R11=0x000000005afeb898 is pointing into metadata
R12=0x000000005602f4e0 is an unknown value
R13=0x000000005602f4d0 is an unknown value
R14=0x0000000000000000 is an unknown value
R15=0x0000000000000010 is an unknown value


Stack: [0x0000000055f30000,0x0000000056030000],  sp=0x000000005602f348,  free space=1020k
Native frames: (J=compiled Java code, j=interpreted, Vv=VM code, C=native code)
V  [jvm.dll+0xf633c]

VM_Operation (0x0000000056faf3c0): RedefineClasses, mode: safepoint, requested by thread 0x00000000562f2800, redefining class com.example.demo.java.controller.WeiXinController



---------------  P R O C E S S  ---------------

Java Threads: ( => current thread )
  0x000000005bc97800 JavaThread "DestroyJavaVM" [_thread_blocked, id=2420, stack(0x0000000002740000,0x0000000002840000)]
  0x000000005bc97000 JavaThread "http-nio-8080-AsyncTimeout" daemon [_thread_blocked, id=8488, stack(0x000000005ecb0000,0x000000005edb0000)]
  0x000000005bc96000 JavaThread "http-nio-8080-Acceptor-0" daemon [_thread_in_native, id=8784, stack(0x000000005e440000,0x000000005e540000)]
  0x000000005bc95000 JavaThread "http-nio-8080-ClientPoller-1" daemon [_thread_blocked, id=8904, stack(0x000000005ebb0000,0x000000005ecb0000)]
  0x000000005bc94800 JavaThread "http-nio-8080-ClientPoller-0" daemon [_thread_blocked, id=3048, stack(0x000000005eaa0000,0x000000005eba0000)]
  0x000000005bc93800 JavaThread "http-nio-8080-exec-10" daemon [_thread_blocked, id=8744, stack(0x000000005e910000,0x000000005ea10000)]
  0x000000005bc93000 JavaThread "http-nio-8080-exec-9" daemon [_thread_blocked, id=8980, stack(0x000000005e710000,0x000000005e810000)]
  0x000000005bc92000 JavaThread "http-nio-8080-exec-8" daemon [_thread_blocked, id=8096, stack(0x000000005e550000,0x000000005e650000)]
  0x0000000059166800 JavaThread "http-nio-8080-exec-7" daemon [_thread_blocked, id=7740, stack(0x000000005e340000,0x000000005e440000)]
  0x0000000059165800 JavaThread "http-nio-8080-exec-6" daemon [_thread_blocked, id=4224, stack(0x000000005d820000,0x000000005d920000)]
  0x0000000059165000 JavaThread "http-nio-8080-exec-5" daemon [_thread_blocked, id=2808, stack(0x000000005b1d0000,0x000000005b2d0000)]
  0x0000000059164000 JavaThread "http-nio-8080-exec-4" daemon [_thread_blocked, id=5100, stack(0x000000005e0c0000,0x000000005e1c0000)]
  0x0000000059163800 JavaThread "http-nio-8080-exec-3" daemon [_thread_blocked, id=7664, stack(0x000000005dee0000,0x000000005dfe0000)]
  0x0000000059162800 JavaThread "http-nio-8080-exec-2" daemon [_thread_blocked, id=7532, stack(0x000000005dce0000,0x000000005dde0000)]
  0x0000000059162000 JavaThread "http-nio-8080-exec-1" daemon [_thread_blocked, id=9028, stack(0x000000005dad0000,0x000000005dbd0000)]
  0x0000000059161000 JavaThread "NioBlockingSelector.BlockPoller-1" daemon [_thread_blocked, id=6456, stack(0x000000005d920000,0x000000005da20000)]
  0x0000000059d73000 JavaThread "HikariPool-1 housekeeper" daemon [_thread_blocked, id=4536, stack(0x000000005c740000,0x000000005c840000)]
  0x0000000059d7a800 JavaThread "MySQL Statement Cancellation Timer" daemon [_thread_blocked, id=6272, stack(0x000000005b600000,0x000000005b700000)]
  0x0000000059c9b800 JavaThread "container-0" [_thread_blocked, id=7840, stack(0x000000005b300000,0x000000005b400000)]
  0x0000000059c96000 JavaThread "ContainerBackgroundProcessor[StandardEngine[Tomcat]]" daemon [_thread_blocked, id=7692, stack(0x0000000057550000,0x0000000057650000)]
  0x0000000057f9a000 JavaThread "RMI TCP Accept-0" daemon [_thread_in_native, id=7640, stack(0x00000000586f0000,0x00000000587f0000)]
  0x0000000057f8b000 JavaThread "RMI TCP Accept-54389" daemon [_thread_in_native, id=8940, stack(0x0000000058500000,0x0000000058600000)]
  0x0000000057f76000 JavaThread "RMI TCP Accept-0" daemon [_thread_in_native, id=8864, stack(0x0000000058390000,0x0000000058490000)]
  0x00000000563b0000 JavaThread "Service Thread" daemon [_thread_blocked, id=8512, stack(0x00000000579c0000,0x0000000057ac0000)]
  0x000000005637c000 JavaThread "C1 CompilerThread2" daemon [_thread_blocked, id=8852, stack(0x00000000577f0000,0x00000000578f0000)]
  0x000000005632f800 JavaThread "C2 CompilerThread1" daemon [_thread_blocked, id=6092, stack(0x0000000057660000,0x0000000057760000)]
  0x000000005632b800 JavaThread "C2 CompilerThread0" daemon [_thread_blocked, id=6040, stack(0x0000000057410000,0x0000000057510000)]
  0x000000005631a000 JavaThread "JDWP Command Reader" daemon [_thread_in_native, id=8776, stack(0x00000000571d0000,0x00000000572d0000)]
  0x0000000056316800 JavaThread "JDWP Event Helper Thread" daemon [_thread_blocked, id=8692, stack(0x0000000057040000,0x0000000057140000)]
  0x00000000562f2800 JavaThread "JDWP Transport Listener: dt_socket" daemon [_thread_blocked, id=4852, stack(0x0000000056eb0000,0x0000000056fb0000)]
  0x00000000562ec800 JavaThread "Attach Listener" daemon [_thread_blocked, id=8828, stack(0x0000000056a80000,0x0000000056b80000)]
  0x000000005504f000 JavaThread "Signal Dispatcher" daemon [_thread_blocked, id=6268, stack(0x0000000056820000,0x0000000056920000)]
  0x0000000055031000 JavaThread "Finalizer" daemon [_thread_blocked, id=4884, stack(0x00000000561e0000,0x00000000562e0000)]
  0x0000000054fea000 JavaThread "Reference Handler" daemon [_thread_blocked, id=5652, stack(0x00000000560e0000,0x00000000561e0000)]

Other Threads:
=>0x0000000054fe2800 VMThread [stack: 0x0000000055f30000,0x0000000056030000] [id=5252]
  0x0000000057f9b000 WatcherThread [stack: 0x0000000057300000,0x0000000057400000] [id=8496]

VM state:at safepoint (normal execution)

VM Mutex/Monitor currently owned by a thread:  ([mutex/lock_event])
[0x000000000245d360] Threads_lock - owner thread: 0x0000000054fe2800

Heap:
 PSYoungGen      total 202752K, used 120531K [0x00000000eb180000, 0x00000000fb280000, 0x0000000100000000)
  eden space 188416K, 57% used [0x00000000eb180000,0x00000000f1b3dca8,0x00000000f6980000)
  from space 14336K, 85% used [0x00000000f6980000,0x00000000f7577070,0x00000000f7780000)
  to   space 15872K, 0% used [0x00000000fa300000,0x00000000fa300000,0x00000000fb280000)
 ParOldGen       total 55808K, used 23141K [0x00000000c1400000, 0x00000000c4a80000, 0x00000000eb180000)
  object space 55808K, 41% used [0x00000000c1400000,0x00000000c2a996f0,0x00000000c4a80000)
 Metaspace       used 54836K, capacity 57262K, committed 57600K, reserved 1099776K
  class space    used 7384K, capacity 7846K, committed 7936K, reserved 1048576K

Card table byte_map: [0x0000000011c00000,0x0000000011e00000] byte_map_base: 0x00000000115f6000

Marking Bits: (ParMarkBitMap*) 0x0000000067d50860
 Begin Bits: [0x00000000124f0000, 0x00000000134a0000)
 End Bits:   [0x00000000134a0000, 0x0000000014450000)

Polling page: 0x0000000000220000

CodeCache: size=245760Kb used=9391Kb max_used=9391Kb free=236368Kb
 bounds [0x0000000002840000, 0x0000000003170000, 0x0000000011840000]
 total_blobs=4955 nmethods=4390 adapters=484
 compilation: enabled

Compilation events (10 events):
Event: 1213.366 Thread 0x000000005637c000 4458       1       org.springframework.util.LinkedCaseInsensitiveMap::removeEldestEntry (2 bytes)
Event: 1213.366 Thread 0x000000005637c000 nmethod 4458 0x000000000316d8d0 code [0x000000000316da20, 0x000000000316db30]
Event: 1213.367 Thread 0x000000005637c000 4460       1       java.util.Collections$UnmodifiableSet::equals (24 bytes)
Event: 1213.368 Thread 0x000000005637c000 nmethod 4460 0x000000000316db90 code [0x000000000316dce0, 0x000000000316de48]
Event: 1213.370 Thread 0x000000005637c000 4461       1       org.springframework.expression.TypedValue::getValue (5 bytes)
Event: 1213.370 Thread 0x000000005637c000 nmethod 4461 0x000000000316ded0 code [0x000000000316e020, 0x000000000316e130]
Event: 1418.865 Thread 0x000000005637c000 4462       1       java.util.concurrent.locks.LockSupport::setBlocker (12 bytes)
Event: 1418.866 Thread 0x000000005637c000 nmethod 4462 0x000000000316e190 code [0x000000000316e2e0, 0x000000000316e3f0]
Event: 1418.866 Thread 0x000000005637c000 4463       1       java.util.concurrent.ThreadPoolExecutor::runStateOf (5 bytes)
Event: 1418.866 Thread 0x000000005637c000 nmethod 4463 0x000000000316e450 code [0x000000000316e5a0, 0x000000000316e690]

GC Heap History (10 events):
Event: 8.136 GC heap before
{Heap before GC invocations=11 (full 1):
 PSYoungGen      total 100352K, used 100351K [0x00000000eb180000, 0x00000000f4780000, 0x0000000100000000)
  eden space 92160K, 100% used [0x00000000eb180000,0x00000000f0b80000,0x00000000f0b80000)
  from space 8192K, 99% used [0x00000000f0b80000,0x00000000f137fc10,0x00000000f1380000)
  to   space 11776K, 0% used [0x00000000f3c00000,0x00000000f3c00000,0x00000000f4780000)
 ParOldGen       total 34304K, used 17311K [0x00000000c1400000, 0x00000000c3580000, 0x00000000eb180000)
  object space 34304K, 50% used [0x00000000c1400000,0x00000000c24e7ed8,0x00000000c3580000)
 Metaspace       used 33706K, capacity 35222K, committed 35328K, reserved 1079296K
  class space    used 4469K, capacity 4758K, committed 4864K, reserved 1048576K
Event: 8.151 GC heap after
Heap after GC invocations=11 (full 1):
 PSYoungGen      total 141312K, used 8842K [0x00000000eb180000, 0x00000000f4a00000, 0x0000000100000000)
  eden space 129536K, 0% used [0x00000000eb180000,0x00000000eb180000,0x00000000f3000000)
  from space 11776K, 75% used [0x00000000f3c00000,0x00000000f44a2988,0x00000000f4780000)
  to   space 12288K, 0% used [0x00000000f3000000,0x00000000f3000000,0x00000000f3c00000)
 ParOldGen       total 34304K, used 20902K [0x00000000c1400000, 0x00000000c3580000, 0x00000000eb180000)
  object space 34304K, 60% used [0x00000000c1400000,0x00000000c28699a0,0x00000000c3580000)
 Metaspace       used 33706K, capacity 35222K, committed 35328K, reserved 1079296K
  class space    used 4469K, capacity 4758K, committed 4864K, reserved 1048576K
}
Event: 8.234 GC heap before
{Heap before GC invocations=12 (full 1):
 PSYoungGen      total 141312K, used 20427K [0x00000000eb180000, 0x00000000f4a00000, 0x0000000100000000)
  eden space 129536K, 8% used [0x00000000eb180000,0x00000000ebcd0528,0x00000000f3000000)
  from space 11776K, 75% used [0x00000000f3c00000,0x00000000f44a2988,0x00000000f4780000)
  to   space 12288K, 0% used [0x00000000f3000000,0x00000000f3000000,0x00000000f3c00000)
 ParOldGen       total 34304K, used 20902K [0x00000000c1400000, 0x00000000c3580000, 0x00000000eb180000)
  object space 34304K, 60% used [0x00000000c1400000,0x00000000c28699a0,0x00000000c3580000)
 Metaspace       used 33926K, capacity 35414K, committed 35496K, reserved 1079296K
  class space    used 4495K, capacity 4798K, committed 4864K, reserved 1048576K
Event: 8.243 GC heap after
Heap after GC invocations=12 (full 1):
 PSYoungGen      total 141824K, used 624K [0x00000000eb180000, 0x00000000f8680000, 0x0000000100000000)
  eden space 129536K, 0% used [0x00000000eb180000,0x00000000eb180000,0x00000000f3000000)
  from space 12288K, 5% used [0x00000000f3000000,0x00000000f309c100,0x00000000f3c00000)
  to   space 12800K, 0% used [0x00000000f7a00000,0x00000000f7a00000,0x00000000f8680000)
 ParOldGen       total 34304K, used 27189K [0x00000000c1400000, 0x00000000c3580000, 0x00000000eb180000)
  object space 34304K, 79% used [0x00000000c1400000,0x00000000c2e8d648,0x00000000c3580000)
 Metaspace       used 33926K, capacity 35414K, committed 35496K, reserved 1079296K
  class space    used 4495K, capacity 4798K, committed 4864K, reserved 1048576K
}
Event: 8.243 GC heap before
{Heap before GC invocations=13 (full 2):
 PSYoungGen      total 141824K, used 624K [0x00000000eb180000, 0x00000000f8680000, 0x0000000100000000)
  eden space 129536K, 0% used [0x00000000eb180000,0x00000000eb180000,0x00000000f3000000)
  from space 12288K, 5% used [0x00000000f3000000,0x00000000f309c100,0x00000000f3c00000)
  to   space 12800K, 0% used [0x00000000f7a00000,0x00000000f7a00000,0x00000000f8680000)
 ParOldGen       total 34304K, used 27189K [0x00000000c1400000, 0x00000000c3580000, 0x00000000eb180000)
  object space 34304K, 79% used [0x00000000c1400000,0x00000000c2e8d648,0x00000000c3580000)
 Metaspace       used 33926K, capacity 35414K, committed 35496K, reserved 1079296K
  class space    used 4495K, capacity 4798K, committed 4864K, reserved 1048576K
Event: 8.347 GC heap after
Heap after GC invocations=13 (full 2):
 PSYoungGen      total 141824K, used 0K [0x00000000eb180000, 0x00000000f8680000, 0x0000000100000000)
  eden space 129536K, 0% used [0x00000000eb180000,0x00000000eb180000,0x00000000f3000000)
  from space 12288K, 0% used [0x00000000f3000000,0x00000000f3000000,0x00000000f3c00000)
  to   space 12800K, 0% used [0x00000000f7a00000,0x00000000f7a00000,0x00000000f8680000)
 ParOldGen       total 55808K, used 19293K [0x00000000c1400000, 0x00000000c4a80000, 0x00000000eb180000)
  object space 55808K, 34% used [0x00000000c1400000,0x00000000c26d7560,0x00000000c4a80000)
 Metaspace       used 33926K, capacity 35414K, committed 35496K, reserved 1079296K
  class space    used 4495K, capacity 4798K, committed 4864K, reserved 1048576K
}
Event: 9.994 GC heap before
{Heap before GC invocations=14 (full 2):
 PSYoungGen      total 141824K, used 129536K [0x00000000eb180000, 0x00000000f8680000, 0x0000000100000000)
  eden space 129536K, 100% used [0x00000000eb180000,0x00000000f3000000,0x00000000f3000000)
  from space 12288K, 0% used [0x00000000f3000000,0x00000000f3000000,0x00000000f3c00000)
  to   space 12800K, 0% used [0x00000000f7a00000,0x00000000f7a00000,0x00000000f8680000)
 ParOldGen       total 55808K, used 19293K [0x00000000c1400000, 0x00000000c4a80000, 0x00000000eb180000)
  object space 55808K, 34% used [0x00000000c1400000,0x00000000c26d7560,0x00000000c4a80000)
 Metaspace       used 44254K, capacity 45864K, committed 46208K, reserved 1089536K
  class space    used 5910K, capacity 6221K, committed 6272K, reserved 1048576K
Event: 10.007 GC heap after
Heap after GC invocations=14 (full 2):
 PSYoungGen      total 186368K, used 11682K [0x00000000eb180000, 0x00000000f8580000, 0x0000000100000000)
  eden space 174592K, 0% used [0x00000000eb180000,0x00000000eb180000,0x00000000f5c00000)
  from space 11776K, 99% used [0x00000000f7a00000,0x00000000f8568b48,0x00000000f8580000)
  to   space 14336K, 0% used [0x00000000f6980000,0x00000000f6980000,0x00000000f7780000)
 ParOldGen       total 55808K, used 19301K [0x00000000c1400000, 0x00000000c4a80000, 0x00000000eb180000)
  object space 55808K, 34% used [0x00000000c1400000,0x00000000c26d9560,0x00000000c4a80000)
 Metaspace       used 44254K, capacity 45864K, committed 46208K, reserved 1089536K
  class space    used 5910K, capacity 6221K, committed 6272K, reserved 1048576K
}
Event: 11.501 GC heap before
{Heap before GC invocations=15 (full 2):
 PSYoungGen      total 186368K, used 186274K [0x00000000eb180000, 0x00000000f8580000, 0x0000000100000000)
  eden space 174592K, 100% used [0x00000000eb180000,0x00000000f5c00000,0x00000000f5c00000)
  from space 11776K, 99% used [0x00000000f7a00000,0x00000000f8568b48,0x00000000f8580000)
  to   space 14336K, 0% used [0x00000000f6980000,0x00000000f6980000,0x00000000f7780000)
 ParOldGen       total 55808K, used 19301K [0x00000000c1400000, 0x00000000c4a80000, 0x00000000eb180000)
  object space 55808K, 34% used [0x00000000c1400000,0x00000000c26d9560,0x00000000c4a80000)
 Metaspace       used 50879K, capacity 53068K, committed 53376K, reserved 1095680K
  class space    used 6816K, capacity 7229K, committed 7296K, reserved 1048576K
Event: 11.522 GC heap after
Heap after GC invocations=15 (full 2):
 PSYoungGen      total 202752K, used 12252K [0x00000000eb180000, 0x00000000fb280000, 0x0000000100000000)
  eden space 188416K, 0% used [0x00000000eb180000,0x00000000eb180000,0x00000000f6980000)
  from space 14336K, 85% used [0x00000000f6980000,0x00000000f7577070,0x00000000f7780000)
  to   space 15872K, 0% used [0x00000000fa300000,0x00000000fa300000,0x00000000fb280000)
 ParOldGen       total 55808K, used 23141K [0x00000000c1400000, 0x00000000c4a80000, 0x00000000eb180000)
  object space 55808K, 41% used [0x00000000c1400000,0x00000000c2a996f0,0x00000000c4a80000)
 Metaspace       used 50879K, capacity 53068K, committed 53376K, reserved 1095680K
  class space    used 6816K, capacity 7229K, committed 7296K, reserved 1048576K
}

Deoptimization events (0 events):
No events

Classes redefined (4 events):
Event: 1319.362 Thread 0x0000000054fe2800 redefined class name=com.example.demo.java.util.CheckUtil, count=1
Event: 1331.964 Thread 0x0000000054fe2800 redefined class name=com.example.demo.java.util.CheckUtil, count=2
Event: 1340.945 Thread 0x0000000054fe2800 redefined class name=com.example.demo.java.util.CheckUtil, count=3
Event: 1512.269 Thread 0x0000000054fe2800 redefined class name=com.example.demo.java.controller.WeiXinController, count=1

Internal exceptions (10 events):
Event: 1086.936 Thread 0x000000005bc93000 Exception <a 'java/lang/ArrayIndexOutOfBoundsException': -1> (0x00000000f182d070) thrown at [C:\re\workspace\8-2-build-windows-amd64-cygwin\jdk8u152\9742\hotspot\src\share\vm\interpreter\interpreterRuntime.cpp, line 366]
Event: 1086.944 Thread 0x000000005bc93000 Exception <a 'java/lang/reflect/InvocationTargetException'> (0x00000000f1832100) thrown at [C:\re\workspace\8-2-build-windows-amd64-cygwin\jdk8u152\9742\hotspot\src\share\vm\runtime\reflection.cpp, line 1092]
Event: 1184.598 Thread 0x0000000059162800 Exception <a 'java/lang/ArrayIndexOutOfBoundsException': -1> (0x00000000f026efb0) thrown at [C:\re\workspace\8-2-build-windows-amd64-cygwin\jdk8u152\9742\hotspot\src\share\vm\interpreter\interpreterRuntime.cpp, line 366]
Event: 1184.598 Thread 0x0000000059162800 Exception <a 'java/lang/ArrayIndexOutOfBoundsException': -1> (0x00000000f026f1e8) thrown at [C:\re\workspace\8-2-build-windows-amd64-cygwin\jdk8u152\9742\hotspot\src\share\vm\interpreter\interpreterRuntime.cpp, line 366]
Event: 1185.081 Thread 0x0000000059163800 Exception <a 'java/lang/ArrayIndexOutOfBoundsException': -1> (0x00000000f04ada68) thrown at [C:\re\workspace\8-2-build-windows-amd64-cygwin\jdk8u152\9742\hotspot\src\share\vm\interpreter\interpreterRuntime.cpp, line 366]
Event: 1185.081 Thread 0x0000000059163800 Exception <a 'java/lang/ArrayIndexOutOfBoundsException': -1> (0x00000000f04adca0) thrown at [C:\re\workspace\8-2-build-windows-amd64-cygwin\jdk8u152\9742\hotspot\src\share\vm\interpreter\interpreterRuntime.cpp, line 366]
Event: 1185.087 Thread 0x0000000059163800 Exception <a 'java/lang/reflect/InvocationTargetException'> (0x00000000f04b5540) thrown at [C:\re\workspace\8-2-build-windows-amd64-cygwin\jdk8u152\9742\hotspot\src\share\vm\runtime\reflection.cpp, line 1092]
Event: 1213.351 Thread 0x0000000059165800 Exception <a 'java/lang/ArrayIndexOutOfBoundsException'> (0x00000000f05c6698) thrown at [C:\re\workspace\8-2-build-windows-amd64-cygwin\jdk8u152\9742\hotspot\src\share\vm\runtime\sharedRuntime.cpp, line 605]
Event: 1213.351 Thread 0x0000000059165800 Exception <a 'java/lang/ArrayIndexOutOfBoundsException': -1> (0x00000000f05c68d0) thrown at [C:\re\workspace\8-2-build-windows-amd64-cygwin\jdk8u152\9742\hotspot\src\share\vm\interpreter\interpreterRuntime.cpp, line 366]
Event: 1213.355 Thread 0x0000000059165800 Exception <a 'java/lang/reflect/InvocationTargetException'> (0x00000000f05cd778) thrown at [C:\re\workspace\8-2-build-windows-amd64-cygwin\jdk8u152\9742\hotspot\src\share\vm\runtime\reflection.cpp, line 1092]

Events (10 events):
Event: 1213.355 Thread 0x0000000059165800 DEOPT UNPACKING pc=0x000000000288787f sp=0x000000005d91d528 mode 1
Event: 1319.223 Executing VM operation: RedefineClasses
Event: 1319.363 Executing VM operation: RedefineClasses done
Event: 1331.935 Executing VM operation: RedefineClasses
Event: 1331.964 Executing VM operation: RedefineClasses done
Event: 1340.917 Executing VM operation: RedefineClasses
Event: 1340.946 Executing VM operation: RedefineClasses done
Event: 1512.245 Executing VM operation: RedefineClasses
Event: 1512.269 Executing VM operation: RedefineClasses done
Event: 1523.213 Executing VM operation: RedefineClasses


Dynamic libraries:
0x000000013f640000 - 0x000000013f677000 	F:\java\jdk.1.8\bin\javaw.exe
0x0000000076e60000 - 0x0000000076fff000 	C:\Windows\SYSTEM32\ntdll.dll
0x0000000076c40000 - 0x0000000076d5f000 	C:\Windows\system32\kernel32.dll
0x000007fefd0f0000 - 0x000007fefd15a000 	C:\Windows\system32\KERNELBASE.dll
0x000007fefdbd0000 - 0x000007fefdcab000 	C:\Windows\system32\ADVAPI32.dll
0x000007fefd560000 - 0x000007fefd5ff000 	C:\Windows\system32\msvcrt.dll
0x000007fefdad0000 - 0x000007fefdaef000 	C:\Windows\SYSTEM32\sechost.dll
0x000007fefd9a0000 - 0x000007fefdacd000 	C:\Windows\system32\RPCRT4.dll
0x0000000076d60000 - 0x0000000076e5a000 	C:\Windows\system32\USER32.dll
0x000007fefd160000 - 0x000007fefd1c7000 	C:\Windows\system32\GDI32.dll
0x000007fefe3b0000 - 0x000007fefe3be000 	C:\Windows\system32\LPK.dll
0x000007fefd6a0000 - 0x000007fefd76b000 	C:\Windows\system32\USP10.dll
0x000007fefb750000 - 0x000007fefb944000 	C:\Windows\WinSxS\amd64_microsoft.windows.common-controls_6595b64144ccf1df_6.0.7601.18837_none_fa3b1e3d17594757\COMCTL32.dll
0x000007fefd770000 - 0x000007fefd7e1000 	C:\Windows\system32\SHLWAPI.dll
0x000007fefdf20000 - 0x000007fefdf4e000 	C:\Windows\system32\IMM32.DLL
0x000007fefe200000 - 0x000007fefe309000 	C:\Windows\system32\MSCTF.dll
0x000007fefcd10000 - 0x000007fefcd42000 	C:\Windows\system32\nvinitx.dll
0x000007fefcd00000 - 0x000007fefcd0c000 	C:\Windows\system32\VERSION.dll
0x0000000074ae0000 - 0x0000000074ae6000 	C:\Program Files\NVIDIA Corporation\CoProcManager\detoured.dll
0x000007fefa480000 - 0x000007fefa4b8000 	C:\Program Files\NVIDIA Corporation\CoProcManager\nvd3d9wrapx.dll
0x000007fefd250000 - 0x000007fefd427000 	C:\Windows\system32\SETUPAPI.dll
0x000007fefcfd0000 - 0x000007fefd006000 	C:\Windows\system32\CFGMGR32.dll
0x000007fefdaf0000 - 0x000007fefdbca000 	C:\Windows\system32\OLEAUT32.dll
0x000007fefdf50000 - 0x000007fefe14d000 	C:\Windows\system32\ole32.dll
0x000007fefcf70000 - 0x000007fefcf8a000 	C:\Windows\system32\DEVOBJ.dll
0x000007fefa450000 - 0x000007fefa474000 	C:\Program Files\NVIDIA Corporation\CoProcManager\nvdxgiwrapx.dll
0x0000000070db0000 - 0x0000000070e82000 	F:\java\jdk.1.8\jre\bin\msvcr100.dll
0x0000000067530000 - 0x0000000067dd0000 	F:\java\jdk.1.8\jre\bin\server\jvm.dll
0x000007fef8a10000 - 0x000007fef8a19000 	C:\Windows\system32\WSOCK32.dll
0x000007fefe1b0000 - 0x000007fefe1fd000 	C:\Windows\system32\WS2_32.dll
0x000007fefdf10000 - 0x000007fefdf18000 	C:\Windows\system32\NSI.dll
0x000007fefab10000 - 0x000007fefab4b000 	C:\Windows\system32\WINMM.dll
0x0000000077000000 - 0x0000000077007000 	C:\Windows\system32\PSAPI.DLL
0x0000000069480000 - 0x000000006948f000 	F:\java\jdk.1.8\jre\bin\verify.dll
0x0000000068560000 - 0x0000000068589000 	F:\java\jdk.1.8\jre\bin\java.dll
0x0000000074a80000 - 0x0000000074ab5000 	F:\java\jdk.1.8\jre\bin\jdwp.dll
0x0000000074a70000 - 0x0000000074a78000 	F:\java\jdk.1.8\jre\bin\npt.dll
0x0000000068540000 - 0x0000000068556000 	F:\java\jdk.1.8\jre\bin\zip.dll
0x000007fefe3c0000 - 0x000007feff14b000 	C:\Windows\system32\SHELL32.dll
0x000007fefcd50000 - 0x000007fefcd5f000 	C:\Windows\system32\profapi.dll
0x0000000074a60000 - 0x0000000074a69000 	F:\java\jdk.1.8\jre\bin\dt_socket.dll
0x000007fefa9e0000 - 0x000007fefa9f5000 	C:\Windows\system32\NLAapi.dll
0x000007fef8120000 - 0x000007fef8135000 	C:\Windows\system32\napinsp.dll
0x000007fef8100000 - 0x000007fef8119000 	C:\Windows\system32\pnrpnsp.dll
0x000007fefc540000 - 0x000007fefc595000 	C:\Windows\System32\mswsock.dll
0x000007fefc3c0000 - 0x000007fefc41b000 	C:\Windows\system32\DNSAPI.dll
0x000007fef80f0000 - 0x000007fef80fb000 	C:\Windows\System32\winrnr.dll
0x000007fef80e0000 - 0x000007fef80f0000 	C:\Windows\system32\wshbth.dll
0x000007fef9c70000 - 0x000007fef9c97000 	C:\Windows\system32\IPHLPAPI.DLL
0x000007fef9c60000 - 0x000007fef9c6b000 	C:\Windows\system32\WINNSI.DLL
0x000007fef9650000 - 0x000007fef96a3000 	C:\Windows\System32\fwpuclnt.dll
0x000007fef74a0000 - 0x000007fef74a8000 	C:\Windows\system32\rasadhlp.dll
0x000007fefbed0000 - 0x000007fefbed7000 	C:\Windows\System32\wshtcpip.dll
0x0000000060bd0000 - 0x0000000060bdd000 	F:\java\jdk.1.8\jre\bin\management.dll
0x0000000068520000 - 0x000000006853a000 	F:\java\jdk.1.8\jre\bin\net.dll
0x000007fefc530000 - 0x000007fefc537000 	C:\Windows\System32\wship6.dll
0x0000000068500000 - 0x0000000068511000 	F:\java\jdk.1.8\jre\bin\nio.dll
0x000007fefc5a0000 - 0x000007fefc5b7000 	C:\Windows\system32\CRYPTSP.dll
0x000007fefc2a0000 - 0x000007fefc2e7000 	C:\Windows\system32\rsaenh.dll
0x000007fefc010000 - 0x000007fefc02e000 	C:\Windows\system32\USERENV.dll
0x000007fefcc30000 - 0x000007fefcc3f000 	C:\Windows\system32\CRYPTBASE.dll
0x000007fef95e0000 - 0x000007fef95f8000 	C:\Windows\system32\dhcpcsvc.DLL
0x000007fef95c0000 - 0x000007fef95d1000 	C:\Windows\system32\dhcpcsvc6.DLL
0x000007fef82e0000 - 0x000007fef8405000 	C:\Windows\system32\dbghelp.dll

VM Arguments:
jvm_args: -agentlib:jdwp=transport=dt_socket,suspend=y,address=localhost:54391 -Dcom.sun.management.jmxremote -Dcom.sun.management.jmxremote.port=54389 -Dcom.sun.management.jmxremote.authenticate=false -Dcom.sun.management.jmxremote.ssl=false -Djava.rmi.server.hostname=localhost -Dspring.liveBeansView.mbeanDomain -Dspring.application.admin.enabled=true -Xverify:none -XX:TieredStopAtLevel=1 -Dfile.encoding=UTF-8 
java_command: com.example.demo.DemoApplication
java_class_path (initial): F:\java\jdk.1.8\jre\lib\resources.jar;F:\java\jdk.1.8\jre\lib\rt.jar;F:\java\jdk.1.8\jre\lib\jsse.jar;F:\java\jdk.1.8\jre\lib\jce.jar;F:\java\jdk.1.8\jre\lib\charsets.jar;F:\java\jdk.1.8\jre\lib\jfr.jar;F:\java\jdk.1.8\jre\lib\ext\access-bridge-64.jar;F:\java\jdk.1.8\jre\lib\ext\cldrdata.jar;F:\java\jdk.1.8\jre\lib\ext\dnsns.jar;F:\java\jdk.1.8\jre\lib\ext\jaccess.jar;F:\java\jdk.1.8\jre\lib\ext\jfxrt.jar;F:\java\jdk.1.8\jre\lib\ext\localedata.jar;F:\java\jdk.1.8\jre\lib\ext\nashorn.jar;F:\java\jdk.1.8\jre\lib\ext\sunec.jar;F:\java\jdk.1.8\jre\lib\ext\sunjce_provider.jar;F:\java\jdk.1.8\jre\lib\ext\sunmscapi.jar;F:\java\jdk.1.8\jre\lib\ext\sunpkcs11.jar;F:\java\jdk.1.8\jre\lib\ext\zipfs.jar;E:\workspace1\l_public_play\target\classes;C:\Users\luchunfeng\.m2\repository\org\springframework\boot\spring-boot-starter-web\2.0.5.RELEASE\spring-boot-starter-web-2.0.5.RELEASE.jar;C:\Users\luchunfeng\.m2\repository\org\springframework\boot\spring-boot-starter\2.0.5.RELEASE\spring-boot-starter-2.0.5.RELEASE.jar;C:\Users\luchunfeng\.m2\repository\org\springframework\boot\spring-boot\2.0.5.RELEASE\spring-boot-2.0.5.RELEASE.jar;C:\Users\luchunfeng\.m2\repository\org\springframework\boot\spring-boot-autoconfigure\2.0.5.RELEASE\spring-boot-autoconfigure-2.0.5.RELEASE.jar;C:\Users\luchunfeng\.m2\repository\org\yaml\snakeyaml\1.19\snakeyaml-1.19.jar;C:\Users\luchunfeng\.m2\repository\org\springframework\boot\spring-boot-starter-json\2.0.5.RELEASE\spring-boot-starter-json-2.0.5.RELEASE.jar;C:\Users\luchunfeng\.m2\repository\com\fasterxml\jackson\core\jackson-databind\2.9.6\jackson-databind-2.9.6.jar;C:\Users\luchunfeng\.m2\repository\com\fasterxml\jackson\core\jackson-annotations\2.9.0\jackson-annotations-2.9.0.jar;C:\Users\luchunfeng\.m2\repository\com\fasterxml\jackson\core\jackson-core\2.9.6\jackson-core-2.9.6.jar;C:\Users\luchunfeng\.m2\repository\com\fasterxml\jackson\datatype\jackson-datatype-jdk8\2.9.6\jackson-datatype-jdk8-2.9.6.jar;C:\Users\luchunf
Launcher Type: SUN_STANDARD

Environment Variables:
JAVA_HOME=F:\java\jdk.1.8
CLASSPATH= .;F:\java\jdk.1.8\lib;F:\java\jdk.1.8\lib\tools.jar;D:\jmeter\apache-jmeter-5.0\lib\ext\ApacheJMeter_core.jar;D:\jmeter\apache-jmeter-5.0\lib\jorphan.jar;D:\jmeter\apache-jmeter-5.0\lib\logkit-2.0.jar
PATH=F:/java/jdk.1.8/bin/../jre/bin/server;F:/java/jdk.1.8/bin/../jre/bin;F:/java/jdk.1.8/bin/../jre/lib/amd64;F:\java\jdk.1.8\bin;C:\Program Files\VanDyke Software\Clients\;C:\Program Files (x86)\Common Files\NetSarang;D:\app\luchunfeng\product\11.2.0\dbhome_1\bin;C:\ProgramData\Oracle\Java\javapath;C:\Windows\system32;C:\Windows;C:\Windows\System32\Wbem;C:\Windows\System32\WindowsPowerShell\v1.0\;F:\java\jdk.1.8\jre\bin;C:\Program Files (x86)\OpenVPN\bin;F:\maven\apache-maven-3.5.4\bin;C:\Program Files\MySQL\MySQL Utilities 1.6\;C:\Users\luchunfeng\Downloads\eclipse;
USERNAME=luchunfeng
OS=Windows_NT
PROCESSOR_IDENTIFIER=Intel64 Family 6 Model 61 Stepping 4, GenuineIntel



---------------  S Y S T E M  ---------------

OS: Windows 7 , 64 bit Build 7601 (6.1.7601.24059)

CPU:total 4 (initial active 4) (2 cores per cpu, 2 threads per core) family 6 model 61 stepping 4, cmov, cx8, fxsr, mmx, sse, sse2, sse3, ssse3, sse4.1, sse4.2, popcnt, avx, avx2, aes, clmul, erms, 3dnowpref, lzcnt, ht, tsc, tscinvbit, bmi1, bmi2, adx

Memory: 4k page, physical 4104464k(749712k free), swap 8207052k(2480528k free)

vm_info: Java HotSpot(TM) 64-Bit Server VM (25.152-b16) for windows-amd64 JRE (1.8.0_152-b16), built on Sep 14 2017 02:29:36 by "java_re" with MS VC++ 10.0 (VS2010)

time: Thu Dec 27 15:16:17 2018
elapsed time: 1524 seconds (0d 0h 25m 24s)

